<?xml version="1.0" encoding="UTF-8"?>
<!-- Generated by org.testng.reporters.JUnitReportReporter -->
<testsuite skipped="0" hostname="DESKTOP-F8OCNCO" name="Scripts.Demo_test" tests="1" failures="0" timestamp="2024-03-21T16:26:36 IST" time="0.012" errors="0">
  <testcase name="run" time="0.012" classname="Scripts.Demo_test"/>
  <system-out/>
</testsuite> <!-- Scripts.Demo_test -->
