<?xml version="1.0" encoding="UTF-8"?>
<!-- Generated by org.testng.reporters.JUnitReportReporter -->
<testsuite skipped="0" hostname="DESKTOP-F8OCNCO" name="Scripts_Execution.Test_003_KFC_Test" tests="1" failures="0" timestamp="2024-03-22T10:06:51 IST" time="2.346" errors="0">
  <testcase name="run" time="2.346" classname="Scripts_Execution.Test_003_KFC_Test"/>
  <system-out/>
</testsuite> <!-- Scripts_Execution.Test_003_KFC_Test -->
