<?xml version="1.0" encoding="UTF-8"?>
<!-- Generated by org.testng.reporters.JUnitReportReporter -->
<testsuite skipped="0" hostname="DESKTOP-F8OCNCO" name="Scripts.Demoo_TEST" tests="1" failures="0" timestamp="2024-03-21T16:29:16 IST" time="0.011" errors="0">
  <testcase name="run" time="0.011" classname="Scripts.Demoo_TEST"/>
  <system-out/>
</testsuite> <!-- Scripts.Demoo_TEST -->
