<?xml version="1.0" encoding="UTF-8"?>
<!-- Generated by org.testng.reporters.JUnitReportReporter -->
<testsuite skipped="0" hostname="DESKTOP-F8OCNCO" name="Scripts_Execution.copy.Test_001_Gucci_Test" tests="1" failures="0" timestamp="2024-03-22T10:06:51 IST" time="7.570" errors="0">
  <testcase name="run" time="7.570" classname="Scripts_Execution.copy.Test_001_Gucci_Test"/>
  <system-out/>
</testsuite> <!-- Scripts_Execution.copy.Test_001_Gucci_Test -->
